<?xml version="1.0" encoding="UTF-8"?>
<!-- Generated by org.testng.reporters.JUnitXMLReporter -->
<testsuite ignored="0" hostname="LAPTOP-U2A0IT42" failures="0" tests="4" name="Default test" time="2.945" errors="0" timestamp="2021-11-24T09:43:18 GMT">
  <testcase classname="deckOfCardsTEst.Deck_Of_Cards" name="getDeckDetails" time="2.264"/>
  <testcase classname="deckOfCardsTEst.Deck_Of_Cards" name="getDrawCards" time="0.196"/>
  <testcase classname="deckOfCardsTEst.Deck_Of_Cards" name="getReturnBackDeck" time="0.239"/>
  <testcase classname="deckOfCardsTEst.Deck_Of_Cards" name="getCorrectNumberCardsInDeck" time="0.206"/>
</testsuite> <!-- Default test -->
