<?xml version="1.0" encoding="UTF-8"?>
<testng-results ignored="0" total="4" passed="4" failed="0" skipped="0">
  <reporter-output>
  </reporter-output>
  <suite started-at="2021-11-24T09:43:15 GMT" name="Default suite" finished-at="2021-11-24T09:43:18 GMT" duration-ms="2945">
    <groups>
    </groups>
    <test started-at="2021-11-24T09:43:15 GMT" name="Default test" finished-at="2021-11-24T09:43:18 GMT" duration-ms="2945">
      <class name="deckOfCardsTEst.Deck_Of_Cards">
        <test-method signature="getDeckDetails()[pri:1, instance:deckOfCardsTEst.Deck_Of_Cards@1613674b]" started-at="2021-11-24T09:43:15 GMT" name="getDeckDetails" finished-at="2021-11-24T09:43:17 GMT" duration-ms="2264" status="PASS">
          <reporter-output>
          </reporter-output>
        </test-method> <!-- getDeckDetails -->
        <test-method signature="getDrawCards()[pri:2, instance:deckOfCardsTEst.Deck_Of_Cards@1613674b]" started-at="2021-11-24T09:43:17 GMT" name="getDrawCards" finished-at="2021-11-24T09:43:17 GMT" duration-ms="196" status="PASS">
          <reporter-output>
          </reporter-output>
        </test-method> <!-- getDrawCards -->
        <test-method signature="getReturnBackDeck()[pri:3, instance:deckOfCardsTEst.Deck_Of_Cards@1613674b]" started-at="2021-11-24T09:43:17 GMT" name="getReturnBackDeck" finished-at="2021-11-24T09:43:18 GMT" duration-ms="239" status="PASS">
          <reporter-output>
          </reporter-output>
        </test-method> <!-- getReturnBackDeck -->
        <test-method signature="getCorrectNumberCardsInDeck()[pri:4, instance:deckOfCardsTEst.Deck_Of_Cards@1613674b]" started-at="2021-11-24T09:43:18 GMT" name="getCorrectNumberCardsInDeck" finished-at="2021-11-24T09:43:18 GMT" duration-ms="206" status="PASS">
          <reporter-output>
          </reporter-output>
        </test-method> <!-- getCorrectNumberCardsInDeck -->
      </class> <!-- deckOfCardsTEst.Deck_Of_Cards -->
    </test> <!-- Default test -->
  </suite> <!-- Default suite -->
</testng-results>
